<?xml version="1.0" encoding="UTF-8"?>
<!-- Generated by org.testng.reporters.JUnitReportReporter -->
<testsuite hostname="BOOK-TB0HS12M3M" failures="0" tests="1" name="testngpkg.draganddrop" time="1.305" errors="0" timestamp="2024-02-21T10:54:49 IST" skipped="0">
  <testcase classname="testngpkg.draganddrop" name="dragdropmthd" time="1.305"/>
  <system-out/>
</testsuite> <!-- testngpkg.draganddrop -->
