<?xml version="1.0" encoding="UTF-8"?>
<!-- Generated by org.testng.reporters.JUnitReportReporter -->
<testsuite hostname="BOOK-TB0HS12M3M" failures="0" tests="1" name="testngpkg.Parameterisation" time="0.009" errors="0" timestamp="2024-02-20T09:41:08 IST" skipped="0">
  <testcase classname="testngpkg.Parameterisation" name="test" time="0.009"/>
  <system-out/>
</testsuite> <!-- testngpkg.Parameterisation -->
