<?xml version="1.0" encoding="UTF-8"?>
<!-- Generated by org.testng.reporters.JUnitReportReporter -->
<testsuite hostname="BOOK-TB0HS12M3M" failures="0" tests="1" name="testngpkg.fluploadrobot" time="9.176" errors="0" timestamp="2024-02-23T09:50:20 IST" skipped="0">
  <testcase classname="testngpkg.fluploadrobot" name="uploadpgm" time="9.176"/>
  <system-out/>
</testsuite> <!-- testngpkg.fluploadrobot -->
