<?xml version="1.0" encoding="UTF-8"?>
<!-- Generated by org.testng.reporters.JUnitReportReporter -->
<testsuite hostname="BOOK-TB0HS12M3M" failures="0" tests="1" name="testngpkg.Scrolltobottom" time="1.551" errors="0" timestamp="2024-02-28T10:22:38 IST" skipped="0">
  <testcase classname="testngpkg.Scrolltobottom" name="test" time="1.551"/>
  <system-out/>
</testsuite> <!-- testngpkg.Scrolltobottom -->
