<?xml version="1.0" encoding="UTF-8"?>
<!-- Generated by org.testng.reporters.JUnitReportReporter -->
<testsuite hostname="BOOK-TB0HS12M3M" failures="0" tests="1" name="testngpkg.Copypaste" time="0.549" errors="0" timestamp="2024-02-21T09:41:05 IST" skipped="0">
  <testcase classname="testngpkg.Copypaste" name="copypaste" time="0.549"/>
  <system-out/>
</testsuite> <!-- testngpkg.Copypaste -->
