<?xml version="1.0" encoding="UTF-8"?>
<!-- Generated by org.testng.reporters.JUnitReportReporter -->
<testsuite hostname="BOOK-TB0HS12M3M" failures="0" tests="1" name="testpkg.FBlogintest" time="0.346" errors="0" timestamp="2024-03-06T20:29:33 IST" skipped="0">
  <testcase classname="testpkg.FBlogintest" name="teslogin" time="0.346"/>
  <system-out/>
</testsuite> <!-- testpkg.FBlogintest -->
