<?xml version="1.0" encoding="UTF-8"?>
<!-- Generated by org.testng.reporters.JUnitReportReporter -->
<testsuite hostname="BOOK-TB0HS12M3M" failures="0" tests="1" name="testngpkg.Trivago" time="0.839" errors="0" timestamp="2024-03-05T09:02:39 IST" skipped="0">
  <testcase classname="testngpkg.Trivago" name="test" time="0.839"/>
  <system-out/>
</testsuite> <!-- testngpkg.Trivago -->
