<?xml version="1.0" encoding="UTF-8"?>
<!-- Generated by org.testng.reporters.JUnitReportReporter -->
<testsuite hostname="BOOK-TB0HS12M3M" failures="0" tests="1" name="testngpkg.Datadriventst" time="2.492" errors="0" timestamp="2024-02-26T10:20:16 IST" skipped="0">
  <testcase classname="testngpkg.Datadriventst" name="datadriven" time="2.492"/>
  <system-out/>
</testsuite> <!-- testngpkg.Datadriventst -->
