<?xml version="1.0" encoding="UTF-8"?>
<!-- Generated by org.testng.reporters.JUnitReportReporter -->
<testsuite hostname="BOOK-TB0HS12M3M" failures="0" tests="1" name="testngpkg.FBlogintest" time="0.255" errors="0" timestamp="2024-03-06T10:01:59 IST" skipped="0">
  <testcase classname="testngpkg.FBlogintest" name="teslogin" time="0.255"/>
  <system-out/>
</testsuite> <!-- testngpkg.FBlogintest -->
