<?xml version="1.0" encoding="UTF-8"?>
<!-- Generated by org.testng.reporters.JUnitReportReporter -->
<testsuite hostname="BOOK-TB0HS12M3M" failures="0" tests="1" name="testngpkg.Autoexercise" time="90.810" errors="0" timestamp="2024-02-26T18:15:49 IST" skipped="0">
  <testcase classname="testngpkg.Autoexercise" name="automtnexercise" time="90.810"/>
  <system-out/>
</testsuite> <!-- testngpkg.Autoexercise -->
