<?xml version="1.0" encoding="UTF-8"?>
<!-- Generated by org.testng.reporters.JUnitReportReporter -->
<testsuite hostname="BOOK-TB0HS12M3M" failures="0" tests="1" name="testngpkg.Facebklogn" time="1.008" errors="0" timestamp="2024-02-20T10:15:45 IST" skipped="0">
  <testcase classname="testngpkg.Facebklogn" name="test1" time="1.008"/>
  <system-out/>
</testsuite> <!-- testngpkg.Facebklogn -->
