<?xml version="1.0" encoding="UTF-8"?>
<!-- Generated by org.testng.reporters.JUnitReportReporter -->
<testsuite hostname="BOOK-TB0HS12M3M" failures="0" tests="1" name="testngpkg.ebaymousehove" time="3.064" errors="0" timestamp="2024-03-12T22:47:15 IST" skipped="0">
  <testcase classname="testngpkg.ebaymousehove" name="test" time="3.064"/>
  <system-out/>
</testsuite> <!-- testngpkg.ebaymousehove -->
