<?xml version="1.0" encoding="UTF-8"?>
<!-- Generated by org.testng.reporters.JUnitReportReporter -->
<testsuite hostname="BOOK-TB0HS12M3M" failures="0" tests="1" name="testngpkg.Windowhandle" time="2.152" errors="0" timestamp="2024-02-27T09:59:32 IST" skipped="0">
  <testcase classname="testngpkg.Windowhandle" name="test" time="2.152"/>
  <system-out/>
</testsuite> <!-- testngpkg.Windowhandle -->
