<?xml version="1.0" encoding="UTF-8"?>
<!-- Generated by org.testng.reporters.JUnitReportReporter -->
<testsuite hostname="BOOK-TB0HS12M3M" failures="0" tests="1" name="testngpkg.Rightclk" time="0.485" errors="0" timestamp="2024-02-22T09:47:59 IST" skipped="0">
  <testcase classname="testngpkg.Rightclk" name="rightclkmthd" time="0.485"/>
  <system-out/>
</testsuite> <!-- testngpkg.Rightclk -->
