<?xml version="1.0" encoding="UTF-8"?>
<!-- Generated by org.testng.reporters.JUnitReportReporter -->
<testsuite hostname="BOOK-TB0HS12M3M" failures="0" tests="1" name="testngpkg.Goibibo" time="8.617" errors="0" timestamp="2024-03-04T21:22:30 IST" skipped="0">
  <testcase classname="testngpkg.Goibibo" name="test" time="8.617"/>
  <system-out/>
</testsuite> <!-- testngpkg.Goibibo -->
