<?xml version="1.0" encoding="UTF-8"?>
<!-- Generated by org.testng.reporters.JUnitReportReporter -->
<testsuite hostname="BOOK-TB0HS12M3M" failures="0" tests="1" name="testngpkg.Chromepopup" time="25.460" errors="0" timestamp="2024-03-01T09:02:52 IST" skipped="0">
  <testcase classname="testngpkg.Chromepopup" name="test" time="25.460"/>
  <system-out/>
</testsuite> <!-- testngpkg.Chromepopup -->
