<?xml version="1.0" encoding="UTF-8"?>
<!-- Generated by org.testng.reporters.JUnitReportReporter -->
<testsuite hostname="BOOK-TB0HS12M3M" failures="0" tests="4" name="testngpkg.Redifftestng" time="24.271" errors="0" timestamp="2024-02-20T09:27:18 IST" skipped="1">
  <testcase classname="testngpkg.Redifftestng" name="crtacntTextverfcn" time="0.681"/>
  <system-out/>
  <testcase classname="testngpkg.Redifftestng" name="fullnamefld" time="23.066"/>
  <system-out/>
  <testcase classname="testngpkg.Redifftestng" name="logo" time="0.524"/>
  <system-out/>
  <testcase classname="testngpkg.Redifftestng" name="titleverfctn">
    <skipped/>
  </testcase> <!-- titleverfctn -->
  <system-out/>
</testsuite> <!-- testngpkg.Redifftestng -->
