<?xml version="1.0" encoding="UTF-8"?>
<!-- Generated by org.testng.reporters.JUnitReportReporter -->
<testsuite hostname="BOOK-TB0HS12M3M" failures="0" tests="1" name="testpkg.Fbsignuptest" time="3.065" errors="0" timestamp="2024-03-06T10:56:49 IST" skipped="0">
  <testcase classname="testpkg.Fbsignuptest" name="test" time="3.065"/>
  <system-out/>
</testsuite> <!-- testpkg.Fbsignuptest -->
