<?xml version="1.0" encoding="UTF-8"?>
<!-- Generated by org.testng.reporters.JUnitReportReporter -->
<testsuite hostname="BOOK-TB0HS12M3M" failures="0" tests="1" name="testngpkg.Question2" time="14.318" errors="0" timestamp="2024-03-01T09:08:56 IST" skipped="0">
  <testcase classname="testngpkg.Question2" name="test" time="14.318"/>
  <system-out/>
</testsuite> <!-- testngpkg.Question2 -->
